<?xml version="1.0" encoding="UTF-8"?>
<testng-results total="1" passed="1" failed="0" skipped="0">
  <reporter-output>
  </reporter-output>
  <suite started-at="2019-09-29T15:31:26Z" name="Surefire suite" finished-at="2019-09-29T15:31:26Z" duration-ms="123">
    <groups>
    </groups>
    <test started-at="2019-09-29T15:31:26Z" name="Surefire test" finished-at="2019-09-29T15:31:26Z" duration-ms="123">
      <class name="org.example.AppTest">
        <test-method signature="shouldAnswerWithTrue()[pri:0, instance:shouldAnswerWithTrue(org.example.AppTest)]" started-at="2019-09-29T15:31:26Z" name="shouldAnswerWithTrue" finished-at="2019-09-29T15:31:26Z" duration-ms="34" status="PASS">
        </test-method> <!-- shouldAnswerWithTrue -->
      </class> <!-- org.example.AppTest -->
    </test> <!-- Surefire test -->
  </suite> <!-- Surefire suite -->
</testng-results>
